<?xml version="1.0" encoding="UTF-8"?>
<!-- Generated by org.testng.reporters.JUnitReportReporter -->
<testsuite hostname="LAPTOP-49F2QH3A" failures="0" tests="1" name="git.Demo01" time="0.006" errors="0" timestamp="2024-08-14T14:31:41 IST" skipped="0">
  <testcase classname="git.Demo01" name="reverse" time="0.006"/>
  <system-out/>
</testsuite> <!-- git.Demo01 -->
